<?xml version="1.0" encoding="UTF-8"?>
<testng-results ignored="0" total="1" passed="1" failed="0" skipped="0">
  <reporter-output>
  </reporter-output>
  <suite started-at="2021-04-28T15:29:26 IST" name="Default suite" finished-at="2021-04-28T15:29:56 IST" duration-ms="29761">
    <groups>
    </groups>
    <test started-at="2021-04-28T15:29:26 IST" name="Default test" finished-at="2021-04-28T15:29:56 IST" duration-ms="29761">
      <class name="Flipkart.firstPage">
        <test-method signature="getDetailsOfIphone()[pri:0, instance:Flipkart.firstPage@2a32de6c]" started-at="2021-04-28T15:29:26 IST" name="getDetailsOfIphone" finished-at="2021-04-28T15:29:56 IST" duration-ms="29698" status="PASS">
          <reporter-output>
          </reporter-output>
        </test-method> <!-- getDetailsOfIphone -->
      </class> <!-- Flipkart.firstPage -->
    </test> <!-- Default test -->
  </suite> <!-- Default suite -->
</testng-results>
